18:33:25.716 - Starting GodfatherspizzaApplication using Java 17.0.7 with PID 9820 (C:\Users\Aless\eclipse-workspace\godfatherspizza\target\classes started by Aless in C:\Users\Aless\eclipse-workspace\godfatherspizza)
18:33:25.718 - No active profile set, falling back to 1 default profile: "default"
18:33:25.748 - Devtools property defaults active! Set 'spring.devtools.add-properties' to 'false' to disable
18:33:26.087 - LiveReload server is running on port 35729
18:33:26.101 - Started GodfatherspizzaApplication in 0.631 seconds (process running for 1.058)
18:34:15.450 - Starting GodfatherspizzaApplication using Java 17.0.7 with PID 13976 (C:\Users\Aless\eclipse-workspace\godfatherspizza\target\classes started by Aless in C:\Users\Aless\eclipse-workspace\godfatherspizza)
18:34:15.451 - No active profile set, falling back to 1 default profile: "default"
18:34:15.482 - Devtools property defaults active! Set 'spring.devtools.add-properties' to 'false' to disable
18:34:15.811 - LiveReload server is running on port 35729
18:34:15.824 - Started GodfatherspizzaApplication in 0.606 seconds (process running for 1.016)
18:34:21.413 - Starting GodfatherspizzaApplication using Java 17.0.7 with PID 8428 (C:\Users\Aless\eclipse-workspace\godfatherspizza\target\classes started by Aless in C:\Users\Aless\eclipse-workspace\godfatherspizza)
18:34:21.415 - No active profile set, falling back to 1 default profile: "default"
18:34:21.446 - Devtools property defaults active! Set 'spring.devtools.add-properties' to 'false' to disable
18:34:21.838 - LiveReload server is running on port 35729
18:34:21.854 - Started GodfatherspizzaApplication in 0.733 seconds (process running for 1.044)
18:37:07.324 - Starting GodfatherspizzaApplication using Java 17.0.7 with PID 17104 (C:\Users\Aless\eclipse-workspace\godfatherspizza\target\classes started by Aless in C:\Users\Aless\eclipse-workspace\godfatherspizza)
18:37:07.325 - No active profile set, falling back to 1 default profile: "default"
18:37:07.357 - Devtools property defaults active! Set 'spring.devtools.add-properties' to 'false' to disable
18:37:07.745 - LiveReload server is running on port 35729
18:37:07.762 - Started GodfatherspizzaApplication in 0.734 seconds (process running for 1.053)
